
> Configure project :app
WARNING: Using flatDir should be avoided because it doesn't support any meta-data formats.

> Configure project :capacitor-cordova-android-plugins
WARNING: Using flatDir should be avoided because it doesn't support any meta-data formats.

> Task :app:preBuild UP-TO-DATE
> Task :app:preReleaseBuild UP-TO-DATE
> Task :app:mergeReleaseJniLibFolders UP-TO-DATE
> Task :capacitor-android:preBuild UP-TO-DATE
> Task :capacitor-android:preReleaseBuild UP-TO-DATE
> Task :capacitor-android:mergeReleaseJniLibFolders UP-TO-DATE
> Task :capacitor-android:mergeReleaseNativeLibs NO-SOURCE
> Task :capacitor-android:copyReleaseJniLibsProjectOnly UP-TO-DATE
> Task :capacitor-app:preBuild UP-TO-DATE
> Task :capacitor-app:preReleaseBuild UP-TO-DATE
> Task :capacitor-app:mergeReleaseJniLibFolders UP-TO-DATE
> Task :capacitor-app:mergeReleaseNativeLibs NO-SOURCE
> Task :capacitor-app:copyReleaseJniLibsProjectOnly UP-TO-DATE
> Task :capacitor-cordova-android-plugins:preBuild UP-TO-DATE
> Task :capacitor-cordova-android-plugins:preReleaseBuild UP-TO-DATE
> Task :capacitor-cordova-android-plugins:mergeReleaseJniLibFolders UP-TO-DATE
> Task :capacitor-cordova-android-plugins:mergeReleaseNativeLibs NO-SOURCE
> Task :capacitor-cordova-android-plugins:copyReleaseJniLibsProjectOnly UP-TO-DATE
> Task :capacitor-haptics:preBuild UP-TO-DATE
> Task :capacitor-haptics:preReleaseBuild UP-TO-DATE
> Task :capacitor-haptics:mergeReleaseJniLibFolders UP-TO-DATE
> Task :capacitor-haptics:mergeReleaseNativeLibs NO-SOURCE
> Task :capacitor-haptics:copyReleaseJniLibsProjectOnly UP-TO-DATE
> Task :capacitor-push-notifications:preBuild UP-TO-DATE
> Task :capacitor-push-notifications:preReleaseBuild UP-TO-DATE
> Task :capacitor-push-notifications:mergeReleaseJniLibFolders UP-TO-DATE
> Task :capacitor-push-notifications:mergeReleaseNativeLibs NO-SOURCE
> Task :capacitor-push-notifications:copyReleaseJniLibsProjectOnly UP-TO-DATE
> Task :capacitor-splash-screen:preBuild UP-TO-DATE
> Task :capacitor-splash-screen:preReleaseBuild UP-TO-DATE
> Task :capacitor-splash-screen:mergeReleaseJniLibFolders UP-TO-DATE
> Task :capacitor-splash-screen:mergeReleaseNativeLibs NO-SOURCE
> Task :capacitor-splash-screen:copyReleaseJniLibsProjectOnly UP-TO-DATE
> Task :capacitor-status-bar:preBuild UP-TO-DATE
> Task :capacitor-status-bar:preReleaseBuild UP-TO-DATE
> Task :capacitor-status-bar:mergeReleaseJniLibFolders UP-TO-DATE
> Task :capacitor-status-bar:mergeReleaseNativeLibs NO-SOURCE
> Task :capacitor-status-bar:copyReleaseJniLibsProjectOnly UP-TO-DATE
> Task :codetrix-studio-capacitor-google-auth:preBuild UP-TO-DATE
> Task :codetrix-studio-capacitor-google-auth:preReleaseBuild UP-TO-DATE
> Task :codetrix-studio-capacitor-google-auth:mergeReleaseJniLibFolders UP-TO-DATE
> Task :codetrix-studio-capacitor-google-auth:mergeReleaseNativeLibs NO-SOURCE
> Task :codetrix-studio-capacitor-google-auth:copyReleaseJniLibsProjectOnly UP-TO-DATE
> Task :app:mergeReleaseNativeLibs UP-TO-DATE
> Task :app:stripReleaseDebugSymbols UP-TO-DATE
> Task :app:extractReleaseNativeSymbolTables UP-TO-DATE
> Task :app:mergeReleaseNativeDebugMetadata NO-SOURCE
> Task :capacitor-android:generateReleaseResValues UP-TO-DATE
> Task :capacitor-android:generateReleaseResources UP-TO-DATE
> Task :capacitor-android:packageReleaseResources UP-TO-DATE
> Task :capacitor-android:processReleaseNavigationResources UP-TO-DATE
> Task :capacitor-android:parseReleaseLocalResources UP-TO-DATE
> Task :capacitor-android:generateReleaseRFile UP-TO-DATE
> Task :capacitor-android:javaPreCompileRelease UP-TO-DATE
> Task :capacitor-android:compileReleaseJavaWithJavac UP-TO-DATE
> Task :capacitor-android:bundleLibCompileToJarRelease UP-TO-DATE
> Task :capacitor-app:generateReleaseResValues UP-TO-DATE
> Task :capacitor-app:generateReleaseResources UP-TO-DATE
> Task :capacitor-app:packageReleaseResources UP-TO-DATE
> Task :capacitor-app:processReleaseNavigationResources UP-TO-DATE
> Task :capacitor-app:parseReleaseLocalResources UP-TO-DATE
> Task :capacitor-app:generateReleaseRFile UP-TO-DATE
> Task :capacitor-app:javaPreCompileRelease UP-TO-DATE
> Task :capacitor-app:compileReleaseJavaWithJavac UP-TO-DATE
> Task :capacitor-app:mergeReleaseGeneratedProguardFiles UP-TO-DATE
> Task :capacitor-app:exportReleaseConsumerProguardFiles UP-TO-DATE
> Task :capacitor-haptics:generateReleaseResValues UP-TO-DATE
> Task :capacitor-haptics:generateReleaseResources UP-TO-DATE
> Task :capacitor-haptics:packageReleaseResources UP-TO-DATE
> Task :capacitor-haptics:processReleaseNavigationResources UP-TO-DATE
> Task :capacitor-haptics:parseReleaseLocalResources UP-TO-DATE
> Task :capacitor-haptics:generateReleaseRFile UP-TO-DATE
> Task :capacitor-haptics:javaPreCompileRelease UP-TO-DATE
> Task :capacitor-haptics:compileReleaseJavaWithJavac UP-TO-DATE
> Task :capacitor-haptics:mergeReleaseGeneratedProguardFiles UP-TO-DATE
> Task :capacitor-haptics:exportReleaseConsumerProguardFiles UP-TO-DATE
> Task :capacitor-push-notifications:generateReleaseResValues UP-TO-DATE
> Task :capacitor-push-notifications:generateReleaseResources UP-TO-DATE
> Task :capacitor-push-notifications:packageReleaseResources UP-TO-DATE
> Task :capacitor-push-notifications:processReleaseNavigationResources UP-TO-DATE
> Task :capacitor-push-notifications:parseReleaseLocalResources UP-TO-DATE
> Task :capacitor-push-notifications:generateReleaseRFile UP-TO-DATE
> Task :capacitor-push-notifications:javaPreCompileRelease UP-TO-DATE
> Task :capacitor-push-notifications:compileReleaseJavaWithJavac UP-TO-DATE
> Task :capacitor-push-notifications:mergeReleaseGeneratedProguardFiles UP-TO-DATE
> Task :capacitor-push-notifications:exportReleaseConsumerProguardFiles UP-TO-DATE
> Task :capacitor-splash-screen:generateReleaseResValues UP-TO-DATE
> Task :capacitor-splash-screen:generateReleaseResources UP-TO-DATE
> Task :capacitor-splash-screen:packageReleaseResources UP-TO-DATE
> Task :capacitor-splash-screen:processReleaseNavigationResources UP-TO-DATE
> Task :capacitor-splash-screen:parseReleaseLocalResources UP-TO-DATE
> Task :capacitor-splash-screen:generateReleaseRFile UP-TO-DATE
> Task :capacitor-splash-screen:javaPreCompileRelease UP-TO-DATE
> Task :capacitor-splash-screen:compileReleaseJavaWithJavac UP-TO-DATE
> Task :capacitor-splash-screen:mergeReleaseGeneratedProguardFiles UP-TO-DATE
> Task :capacitor-splash-screen:exportReleaseConsumerProguardFiles UP-TO-DATE
> Task :capacitor-status-bar:generateReleaseResValues UP-TO-DATE
> Task :capacitor-status-bar:generateReleaseResources UP-TO-DATE
> Task :capacitor-status-bar:packageReleaseResources UP-TO-DATE
> Task :capacitor-status-bar:processReleaseNavigationResources UP-TO-DATE
> Task :capacitor-status-bar:parseReleaseLocalResources UP-TO-DATE
> Task :capacitor-status-bar:generateReleaseRFile UP-TO-DATE
> Task :capacitor-status-bar:javaPreCompileRelease UP-TO-DATE
> Task :capacitor-status-bar:compileReleaseJavaWithJavac UP-TO-DATE
> Task :capacitor-status-bar:mergeReleaseGeneratedProguardFiles UP-TO-DATE
> Task :capacitor-status-bar:exportReleaseConsumerProguardFiles UP-TO-DATE
> Task :codetrix-studio-capacitor-google-auth:generateReleaseResValues UP-TO-DATE
> Task :codetrix-studio-capacitor-google-auth:generateReleaseResources UP-TO-DATE
> Task :codetrix-studio-capacitor-google-auth:packageReleaseResources UP-TO-DATE
> Task :codetrix-studio-capacitor-google-auth:processReleaseNavigationResources UP-TO-DATE
> Task :codetrix-studio-capacitor-google-auth:parseReleaseLocalResources UP-TO-DATE
> Task :codetrix-studio-capacitor-google-auth:generateReleaseRFile UP-TO-DATE
> Task :codetrix-studio-capacitor-google-auth:javaPreCompileRelease UP-TO-DATE
> Task :codetrix-studio-capacitor-google-auth:compileReleaseJavaWithJavac UP-TO-DATE
> Task :codetrix-studio-capacitor-google-auth:mergeReleaseGeneratedProguardFiles UP-TO-DATE
> Task :codetrix-studio-capacitor-google-auth:exportReleaseConsumerProguardFiles UP-TO-DATE
> Task :capacitor-android:mergeReleaseGeneratedProguardFiles UP-TO-DATE
> Task :capacitor-android:exportReleaseConsumerProguardFiles UP-TO-DATE
> Task :capacitor-cordova-android-plugins:generateReleaseResValues UP-TO-DATE
> Task :capacitor-cordova-android-plugins:generateReleaseResources UP-TO-DATE
> Task :capacitor-cordova-android-plugins:packageReleaseResources UP-TO-DATE
> Task :capacitor-cordova-android-plugins:processReleaseNavigationResources UP-TO-DATE
> Task :capacitor-cordova-android-plugins:parseReleaseLocalResources UP-TO-DATE
> Task :capacitor-cordova-android-plugins:generateReleaseRFile UP-TO-DATE
> Task :capacitor-cordova-android-plugins:javaPreCompileRelease UP-TO-DATE
> Task :capacitor-cordova-android-plugins:compileReleaseJavaWithJavac NO-SOURCE
> Task :capacitor-cordova-android-plugins:mergeReleaseGeneratedProguardFiles UP-TO-DATE
> Task :capacitor-cordova-android-plugins:exportReleaseConsumerProguardFiles UP-TO-DATE
> Task :app:checkReleaseDuplicateClasses UP-TO-DATE
> Task :app:javaPreCompileRelease UP-TO-DATE
> Task :capacitor-android:writeReleaseAarMetadata UP-TO-DATE
> Task :capacitor-app:writeReleaseAarMetadata UP-TO-DATE
> Task :capacitor-cordova-android-plugins:writeReleaseAarMetadata UP-TO-DATE
> Task :capacitor-haptics:writeReleaseAarMetadata UP-TO-DATE
> Task :capacitor-push-notifications:writeReleaseAarMetadata UP-TO-DATE
> Task :capacitor-splash-screen:writeReleaseAarMetadata UP-TO-DATE
> Task :capacitor-status-bar:writeReleaseAarMetadata UP-TO-DATE
> Task :codetrix-studio-capacitor-google-auth:writeReleaseAarMetadata UP-TO-DATE
> Task :app:processReleaseNavigationResources UP-TO-DATE
> Task :app:compileReleaseNavigationResources UP-TO-DATE
> Task :app:generateReleaseResValues UP-TO-DATE
> Task :app:processReleaseGoogleServices UP-TO-DATE
> Task :app:checkReleaseAarMetadata FAILED
> Task :app:mapReleaseSourceSetPaths

[Incubating] Problems report is available at: file:///C:/Users/Mehedi%20Hasan/OneDrive/Desktop/Android%20app/School-Cricket-Live/android/build/reports/problems/problems-report.html
./gradlew : 
At line:1 char:13
+ cd android; 
./gradlew 
assembleRelease 2>&1 | 
Out-File -FilePath 
"../g ...
+             ~~~~~~~~~
~~~~~~~~~~~~~~~~~~~~~
    + CategoryInfo     
         : NotSpecifi  
  ed: (:String) [],    
 RemoteException
    + FullyQualifiedEr 
   rorId : NativeComm  
  andError
 
FAILURE: Build failed 
with an exception.

* What went wrong:
Execution failed for 
task ':app:checkRelease
AarMetadata'.
> A failure occurred 
while executing com.and
roid.build.gradle.inter
nal.tasks.CheckAarMetad
ataWorkAction
   > 3 issues were 
found when checking 
AAR metadata:
     
       1.  Dependency '
androidx.core:core-ktx:
1.17.0' requires 
libraries and 
applications that
           depend on 
it to compile against 
version 36 or later of 
the
           Android 
APIs.
     
           :app is 
currently compiled 
against android-35.
     
           Recommended 
action: Update this 
project to use a newer 
compileSdk
           of at least 
36, for example 36.
     
           Note that 
updating a library or 
application's 
compileSdk (which
           allows 
newer APIs to be used) 
can be done separately 
from updating
           targetSdk 
(which opts the app in 
to new runtime 
behavior) and
           minSdk 
(which determines 
which devices the app 
can be installed
           on).
     
       2.  Dependency '
androidx.core:core:1.17
.0' requires libraries 
and applications that
           depend on 
it to compile against 
version 36 or later of 
the
           Android 
APIs.
     
           :app is 
currently compiled 
against android-35.
     
           Recommended 
action: Update this 
project to use a newer 
compileSdk
           of at least 
36, for example 36.
     
           Note that 
updating a library or 
application's 
compileSdk (which
           allows 
newer APIs to be used) 
can be done separately 
from updating
           targetSdk 
(which opts the app in 
to new runtime 
behavior) and
           minSdk 
(which determines 
which devices the app 
can be installed
           on).
     
       3.  Dependency '
androidx.activity:activ
ity:1.11.0' requires 
libraries and 
applications that
           depend on 
it to compile against 
version 36 or later of 
the
           Android 
APIs.
     
           :app is 
currently compiled 
against android-35.
     
           Recommended 
action: Update this 
project to use a newer 
compileSdk
           of at least 
36, for example 36.
     
           Note that 
updating a library or 
application's 
compileSdk (which
           allows 
newer APIs to be used) 
can be done separately 
from updating
           targetSdk 
(which opts the app in 
to new runtime 
behavior) and
           minSdk 
(which determines 
which devices the app 
can be installed
           on).

* Try:
> Run with 
--stacktrace option to 
get the stack trace.
> Run with --info or 
--debug option to get 
more log output.
> Run with --scan to 
get full insights.
> Get more help at http
s://help.gradle.org.

Deprecated Gradle features were used in this build, making it incompatible with Gradle 9.0.

You can use '--warning-mode all' to show the individual deprecation warnings and determine if they come from your own scripts or plugins.

For more on this, please refer to https://docs.gradle.org/8.14.3/userguide/command_line_interface.html#sec:command_line_warnings in the Gradle documentation.

BUILD FAILED in 9s
116 actionable tasks: 2 executed, 114 up-to-date
