src/components/match/BallTimeline.tsx(7,1): error TS6133: 'getBallColor' is declared but its value is never read.
src/components/match/MatchSettingsSheet.tsx(21,11): error TS6133: '_togglePin' is declared but its value is never read.
src/components/notifications/NotificationSettingsSheet.tsx(28,11): error TS6133: '_isAdmin' is declared but its value is never read.
src/components/notifications/NotificationSettingsSheet.tsx(73,11): error TS6133: '_saveSettings' is declared but its value is never read.
src/components/scorecard/CrexScorecardPage.tsx(44,9): error TS6133: '_bowlingTeam' is declared but its value is never read.
src/pages/admin/AdminLiveScoring.tsx(1208,17): error TS2322: Type 'string | null' is not assignable to type 'string | undefined'.
  Type 'null' is not assignable to type 'string | undefined'.
src/pages/admin/AdminLiveScoring.tsx(1266,49): error TS2339: Property 'name' does not exist on type 'BatsmanStats'.
src/pages/admin/AdminLiveScoring.tsx(1274,50): error TS2339: Property 'name' does not exist on type 'BowlerStats'.
src/pages/admin/AdminMatches.tsx(182,67): error TS2339: Property 'teamASquadId' does not exist on type 'Match'.
src/pages/admin/AdminMatches.tsx(185,67): error TS2339: Property 'teamBSquadId' does not exist on type 'Match'.
src/pages/admin/AdminMatches.tsx(680,62): error TS2304: Cannot find name 'teamAName'.
src/pages/admin/AdminMatches.tsx(680,74): error TS2304: Cannot find name 'teamBName'.
src/pages/admin/AdminMatches.tsx(828,79): error TS2367: This comparison appears to be unintentional because the types '"live" | "upcoming" | "abandoned" | "InningsBreak"' and '"completed"' have no overlap.
src/pages/admin/AdminMatches.tsx(1227,36): error TS2339: Property 'oversLimit' does not exist on type 'Tournament'.
src/pages/admin/AdminMatches.tsx(1319,41): error TS2339: Property 'id' does not exist on type 'string | { name: string; id: string; }'.
  Property 'id' does not exist on type 'string'.
src/pages/admin/AdminMatches.tsx(1320,41): error TS2339: Property 'id' does not exist on type 'string | { name: string; id: string; }'.
  Property 'id' does not exist on type 'string'.
src/pages/admin/AdminMatches.tsx(1321,45): error TS2339: Property 'name' does not exist on type 'string | { name: string; id: string; }'.
  Property 'name' does not exist on type 'string'.
src/pages/admin/AdminMatches.tsx(1322,45): error TS2339: Property 'name' does not exist on type 'string | { name: string; id: string; }'.
  Property 'name' does not exist on type 'string'.
src/pages/admin/AdminMatches.tsx(2349,33): error TS6133: 'tourneyName' is declared but its value is never read.
src/pages/admin/AdminPlayers.tsx(18,39): error TS6133: 'Filter' is declared but its value is never read.
src/pages/admin/AdminPlayers.tsx(159,11): error TS2322: Type 'string | undefined' is not assignable to type 'string'.
  Type 'undefined' is not assignable to type 'string'.
src/pages/admin/AdminTournaments.tsx(17,1): error TS6133: 'format' is declared but its value is never read.
src/pages/admin/AdminTournaments.tsx(340,16): error TS2367: This comparison appears to be unintentional because the types '"Batch Cricket"' and '"Custom"' have no overlap.
src/pages/admin/AdminTournaments.tsx(449,17): error TS18048: 'res' is possibly 'undefined'.
src/pages/admin/AdminTournaments.tsx(562,13): error TS2552: Cannot find name 'generateKnockoutFixtures'. Did you mean 'generateGroupFixtures'?
src/pages/admin/AdminTournaments.tsx(1406,51): error TS6133: 'index' is declared but its value is never read.
src/pages/admin/AdminTournaments.tsx(1699,16): error TS2367: This comparison appears to be unintentional because the types '"T20" | "ODI" | "Test" | "Batch Cricket"' and '"Custom"' have no overlap.
src/pages/admin/AdminUsers.tsx(27,5): error TS6133: 'ChevronRight' is declared but its value is never read.
src/pages/admin/AdminUsers.tsx(40,10): error TS6133: 'playerRequestService' is declared but its value is never read.
src/pages/admin/ProfessionalTournamentManager.tsx(139,11): error TS2322: Type '"T20" | "ODI" | "Test" | "Batch Cricket"' is not assignable to type '"T20" | "ODI" | "Test"'.
  Type '"Batch Cricket"' is not assignable to type '"T20" | "ODI" | "Test"'.
src/pages/admin/ProfessionalTournamentManager.tsx(140,11): error TS2322: Type '"upcoming" | "completed" | "paused" | "ongoing"' is not assignable to type '"upcoming" | "completed" | "ongoing"'.
  Type '"paused"' is not assignable to type '"upcoming" | "completed" | "ongoing"'.
src/pages/admin/TournamentControlSystem.tsx(1,1): error TS6133: 'React' is declared but its value is never read.
src/pages/EditProfile.tsx(132,38): error TS2339: Property 'school' does not exist on type '{ displayName?: string | undefined; role?: string | undefined; battingStyle?: string | undefined; bowlingStyle?: string | undefined; dateOfBirth?: string | undefined; photoUrl?: string | undefined; isRegisteredPlayer?: boolean | undefined; bio?: string | undefined; socialLinks?: SocialLink[] | undefined; }'.
src/pages/EditProfile.tsx(132,69): error TS2339: Property 'batch' does not exist on type '{ displayName?: string | undefined; role?: string | undefined; battingStyle?: string | undefined; bowlingStyle?: string | undefined; dateOfBirth?: string | undefined; photoUrl?: string | undefined; isRegisteredPlayer?: boolean | undefined; bio?: string | undefined; socialLinks?: SocialLink[] | undefined; }'.
src/pages/Login.tsx(248,48): error TS2345: Argument of type '{ uid: string; email: string; name: string; school: string; squadId: string; squadName: string; adminId: string; batch: string; role: any; battingStyle: any; bowlingStyle: any; photoUrl: string; }' is not assignable to parameter of type 'Omit<PlayerRegistrationRequest, "updatedAt" | "id" | "createdAt" | "status">'.
  Property 'phone' is missing in type '{ uid: string; email: string; name: string; school: string; squadId: string; squadName: string; adminId: string; batch: string; role: any; battingStyle: any; bowlingStyle: any; photoUrl: string; }' but required in type 'Omit<PlayerRegistrationRequest, "updatedAt" | "id" | "createdAt" | "status">'.
src/pages/MatchLive.tsx(7,1): error TS6192: All imports in import declaration are unused.
src/pages/MatchLive.tsx(61,10): error TS6133: 'relatedLoading' is declared but its value is never read.
src/pages/MatchLive.tsx(63,10): error TS6133: 'isAnimating' is declared but its value is never read.
src/pages/MatchLive.tsx(63,23): error TS6133: 'setIsAnimating' is declared but its value is never read.
src/pages/MatchLive.tsx(101,10): error TS6133: 'isShareModalOpen' is declared but its value is never read.
src/pages/MatchLive.tsx(101,28): error TS6133: 'setIsShareModalOpen' is declared but its value is never read.
src/pages/MatchLive.tsx(103,10): error TS6133: 'screenshotImage' is declared but its value is never read.
src/pages/MatchLive.tsx(103,27): error TS6133: 'setScreenshotImage' is declared but its value is never read.
src/pages/MatchLive.tsx(563,10): error TS6133: 'isWicketDisplay' is declared but its value is never read.
src/pages/MatchLive.tsx(564,10): error TS6133: 'animationEvent' is declared but its value is never read.
src/pages/MatchLive.tsx(565,10): error TS6133: 'showAnimation' is declared but its value is never read.
src/pages/MatchLive.tsx(1795,42): error TS2322: Type '{ compact: true; onSwitchTab: Dispatch<SetStateAction<string>>; onOpenPlayingXI: () => void; match: Match; }' is not assignable to type 'IntrinsicAttributes & MatchInfoProps'.
  Property 'onSwitchTab' does not exist on type 'IntrinsicAttributes & MatchInfoProps'.
src/pages/MatchScorecard.tsx(6,37): error TS6133: 'useState' is declared but its value is never read.
src/pages/MatchScorecard.tsx(6,47): error TS6133: 'useRef' is declared but its value is never read.
src/pages/MatchScorecard.tsx(7,18): error TS6133: 'AnimatePresence' is declared but its value is never read.
src/pages/MatchScorecard.tsx(288,9): error TS6133: 'currentInningsData' is declared but its value is never read.
src/pages/PlayerProfile.tsx(13,70): error TS6133: 'Squad' is declared but its value is never read.
src/pages/PlayerProfile.tsx(24,87): error TS6133: 'Upload' is declared but its value is never read.
src/pages/PlayerProfile.tsx(111,13): error TS2304: Cannot find name 'updatePlayerPersonalInfo'.
src/pages/PlayerProfile.tsx(153,10): error TS6133: 'screenshotImage' is declared but its value is never read.
src/pages/PlayerProfile.tsx(153,27): error TS6133: 'setScreenshotImage' is declared but its value is never read.
src/pages/PlayerProfile.tsx(569,40): error TS2881: This expression is never nullish.
src/pages/PlayerProfile.tsx(569,134): error TS2881: This expression is never nullish.
src/pages/PlayerProfile.tsx(787,133): error TS2339: Property 'batting' does not exist on type '{ matches?: number | undefined; innings?: number | undefined; runs?: number | undefined; balls?: number | undefined; fours?: number | undefined; sixes?: number | undefined; notOuts?: number | undefined; ... 14 more ...; bestBowling?: { ...; } | undefined; }'.
src/pages/PlayerProfile.tsx(787,170): error TS2339: Property 'bowling' does not exist on type '{ matches?: number | undefined; innings?: number | undefined; runs?: number | undefined; balls?: number | undefined; fours?: number | undefined; sixes?: number | undefined; notOuts?: number | undefined; ... 14 more ...; bestBowling?: { ...; } | undefined; }'.
src/pages/Rankings.tsx(40,11): error TS6133: 'loadData' is declared but its value is never read.
src/pages/TournamentDetails.tsx(24,1): error TS6133: 'motion' is declared but its value is never read.
src/services/ai/aiAnomaly.ts(86,41): error TS2367: This comparison appears to be unintentional because the types '"no-ball"' and '"bye"' have no overlap.
src/services/ai/aiAnomaly.ts(86,70): error TS2367: This comparison appears to be unintentional because the types '"no-ball"' and '"leg-bye"' have no overlap.
src/services/ai/aiAnomaly.ts(112,15): error TS6133: 'playerId' is declared but its value is never read.
src/services/ai/aiAnomaly.ts(246,3): error TS6133: 'matchState' is declared but its value is never read.
src/services/ai/aiInsights.ts(87,3): error TS6133: 'matchContext' is declared but its value is never read.
src/services/ai/aiInsights.ts(200,3): error TS6133: 'matchContext' is declared but its value is never read.
src/services/ai/winProbabilityEngine.ts(88,11): error TS6133: 'crr' is declared but its value is never read.
src/services/firestore/cascadingUpdates.ts(24,19): error TS6133: 'inningRef' is declared but its value is never read.
src/services/firestore/playerClaim.ts(2,42): error TS6133: 'deleteDoc' is declared but its value is never read.
src/services/stats/index.ts(12,1): error TS2308: Module './notOutDetector' has already exported a member named 'MatchContext'. Consider explicitly re-exporting to resolve the ambiguity.
src/services/stats/index.ts(18,1): error TS2308: Module './seasonAggregator' has already exported a member named 'MatchWithSummary'. Consider explicitly re-exporting to resolve the ambiguity.
src/services/stats/notOutDetector.ts(74,38): error TS2367: This comparison appears to be unintentional because the types 'false | undefined' and 'true' have no overlap.
src/services/stats/testUtils.ts(7,1): error TS6133: 'calculateBattingStats' is declared but its value is never read.
src/services/stats/testUtils.ts(8,1): error TS6133: 'calculateBowlingStats' is declared but its value is never read.
src/services/stats/testUtils.ts(9,1): error TS6133: 'countMatches' is declared but its value is never read.
src/services/stats/testUtils.ts(87,45): error TS18047: 'test.expected' is possibly 'null'.
src/services/stats/validateBallEvent.ts(49,9): error TS6133: 'batRuns' is declared but its value is never read.
src/utils/icc-rules.ts(6,16): error TS6133: 'BallExtras' is declared but its value is never read.
src/utils/scorecardFormatters.ts(38,3): error TS6133: 'dismissedBy' is declared but its value is never read.
